2025-04-04 10:44:19.203766 - Received CBT.V508.FILE499.PDS from FILE499.XMI 
2025-04-04 10:44:19.205577 - Found $$$#DATE.txt (text/plain) in CBT.V508.FILE499.PDS, moved to PDS/$$$#DATE
2025-04-04 10:44:19.205739 - Found $IDENT.txt (text/plain) in CBT.V508.FILE499.PDS, moved to PDS/$IDENT
2025-04-04 10:44:19.205890 - Found $PDSLOAD.jcl (text/plain) in CBT.V508.FILE499.PDS, moved to PDS/$PDSLOAD
2025-04-04 10:44:19.206023 - Found @EQU.txt (text/plain) in CBT.V508.FILE499.PDS, moved to PDS/@EQU
2025-04-04 10:44:19.206149 - Found @FILE499.txt (text/plain) in CBT.V508.FILE499.PDS, moved to PDS/@FILE499
2025-04-04 10:44:19.206269 - Found ASMACL.jcl (text/plain) in CBT.V508.FILE499.PDS, moved to PDS/ASMACL
2025-04-04 10:44:19.206406 - Found ASMHC.jcl (text/plain) in CBT.V508.FILE499.PDS, moved to PDS/ASMHC
2025-04-04 10:44:19.206566 - Found CMD@WAIT.txt (text/plain) in CBT.V508.FILE499.PDS, moved to PDS/CMD@WAIT
2025-04-04 10:44:19.206693 - Found CMDISSUE.txt (text/plain) in CBT.V508.FILE499.PDS, moved to PDS/CMDISSUE
2025-04-04 10:44:19.206819 - Found EDCCPL.jcl (text/plain) in CBT.V508.FILE499.PDS, moved to PDS/EDCCPL
2025-04-04 10:44:19.206951 - Found ENTER.txt (text/plain) in CBT.V508.FILE499.PDS, moved to PDS/ENTER
2025-04-04 10:44:19.207071 - Found EQUATES.txt (text/plain) in CBT.V508.FILE499.PDS, moved to PDS/EQUATES
2025-04-04 10:44:19.207187 - Found EQUATES1.txt (text/plain) in CBT.V508.FILE499.PDS, moved to PDS/EQUATES1
2025-04-04 10:44:19.207308 - Found EXIT.txt (text/plain) in CBT.V508.FILE499.PDS, moved to PDS/EXIT
2025-04-04 10:44:19.207429 - Found GETASCB.txt (text/plain) in CBT.V508.FILE499.PDS, moved to PDS/GETASCB
2025-04-04 10:44:19.207559 - Found IEECRDCM.txt (text/plain) in CBT.V508.FILE499.PDS, moved to PDS/IEECRDCM
2025-04-04 10:44:19.207705 - Found KOCASRPT.txt (text/plain) in CBT.V508.FILE499.PDS, moved to PDS/KOCASRPT
2025-04-04 10:44:19.207840 - Found OBJECT.bin (application/octet-stream) in CBT.V508.FILE499.PDS, moved to PDS/OBJECT
2025-04-04 10:44:19.207971 - Found PDSLOAD.xmi (application/xmit) in CBT.V508.FILE499.PDS, moved to PDS/PDSLOAD.xmi
2025-04-04 10:44:19.212971 - Received SBGOLOB.LOAD from PDSLOAD.xmi 
2025-04-04 10:44:19.213320 - Found PDSLOAD.bin (application/octet-stream) in SBGOLOB.LOAD, moved to PDSLOAD/PDSLOAD
2025-04-04 10:44:19.213374 - Found alias PDSLOADW to PDSLOAD in SBGOLOB.LOAD, moved to PDS/PDSLOADW
2025-04-04 10:44:19.213706 - Found PSHD1.txt (text/plain) in CBT.V508.FILE499.PDS, moved to PDS/PSHD1
2025-04-04 10:44:19.213842 - Found PSPGMID1.txt (text/plain) in CBT.V508.FILE499.PDS, moved to PDS/PSPGMID1
2025-04-04 10:44:19.213973 - Found PTLCKCAT.jcl (text/plain) in CBT.V508.FILE499.PDS, moved to PDS/PTLCKCAT
2025-04-04 10:44:19.214098 - Found PTLCKDSK.jcl (text/plain) in CBT.V508.FILE499.PDS, moved to PDS/PTLCKDSK
2025-04-04 10:44:19.214214 - Found PTLCSMF.txt (text/plain) in CBT.V508.FILE499.PDS, moved to PDS/PTLCSMF
2025-04-04 10:44:19.214332 - Found PTLFRMS$.jcl (text/plain) in CBT.V508.FILE499.PDS, moved to PDS/PTLFRMS$
2025-04-04 10:44:19.214450 - Found PTLFRMS#.jcl (text/plain) in CBT.V508.FILE499.PDS, moved to PDS/PTLFRMS#
2025-04-04 10:44:19.214579 - Found PTLFRMSC.jcl (text/plain) in CBT.V508.FILE499.PDS, moved to PDS/PTLFRMSC
2025-04-04 10:44:19.214717 - Found PTLFRM01.jcl (text/plain) in CBT.V508.FILE499.PDS, moved to PDS/PTLFRM01
2025-04-04 10:44:19.214873 - Found PTLMAC01.jcl (text/plain) in CBT.V508.FILE499.PDS, moved to PDS/PTLMAC01
2025-04-04 10:44:19.215038 - Found PTLVSCAN.jcl (text/plain) in CBT.V508.FILE499.PDS, moved to PDS/PTLVSCAN
2025-04-04 10:44:19.215332 - Found RACFCLST.txt (text/plain) in CBT.V508.FILE499.PDS, moved to PDS/RACFCLST
2025-04-04 10:44:19.215500 - Found RACFPNLS.txt (text/plain) in CBT.V508.FILE499.PDS, moved to PDS/RACFPNLS
2025-04-04 10:44:19.215623 - Found REGEQU.txt (text/plain) in CBT.V508.FILE499.PDS, moved to PDS/REGEQU
2025-04-04 10:44:19.215746 - Found S.txt (text/plain) in CBT.V508.FILE499.PDS, moved to PDS/S
2025-04-04 10:44:19.215882 - Found SCAN.jcl (text/plain) in CBT.V508.FILE499.PDS, moved to PDS/SCAN
2025-04-04 10:44:19.216015 - Found SMFEXTR.txt (text/plain) in CBT.V508.FILE499.PDS, moved to PDS/SMFEXTR
2025-04-04 10:44:19.216144 - Found SMFRPT.txt (text/plain) in CBT.V508.FILE499.PDS, moved to PDS/SMFRPT
2025-04-04 10:44:19.216264 - Found SPFMACS.txt (text/plain) in CBT.V508.FILE499.PDS, moved to PDS/SPFMACS
2025-04-04 10:44:19.216379 - Found SS.jcl (text/plain) in CBT.V508.FILE499.PDS, moved to PDS/SS
2025-04-04 10:44:19.216495 - Found STRING.txt (text/plain) in CBT.V508.FILE499.PDS, moved to PDS/STRING
2025-04-04 10:44:19.216626 - Found STRINGXA.txt (text/plain) in CBT.V508.FILE499.PDS, moved to PDS/STRINGXA
2025-04-04 10:44:19.216739 - Found VTC@DETB.txt (text/plain) in CBT.V508.FILE499.PDS, moved to PDS/VTC@DETB
2025-04-04 10:44:19.216863 - Found VTC@HDRB.txt (text/plain) in CBT.V508.FILE499.PDS, moved to PDS/VTC@HDRB
2025-04-04 10:44:19.216978 - Found VTC@MAPB.txt (text/plain) in CBT.V508.FILE499.PDS, moved to PDS/VTC@MAPB
2025-04-04 10:44:19.217097 - Found VTOC@ALL.txt (text/plain) in CBT.V508.FILE499.PDS, moved to PDS/VTOC@ALL
2025-04-04 10:44:19.217243 - Found VTOC@HDR.txt (text/plain) in CBT.V508.FILE499.PDS, moved to PDS/VTOC@HDR
2025-04-04 10:44:19.217370 - Found VTOC@LST.txt (text/plain) in CBT.V508.FILE499.PDS, moved to PDS/VTOC@LST
2025-04-04 10:44:19.217493 - Found VTOC@UCB.txt (text/plain) in CBT.V508.FILE499.PDS, moved to PDS/VTOC@UCB
